<?xml version="1.0" encoding="UTF-8"?>
<!-- Generated by org.testng.reporters.JUnitXMLReporter -->
<testsuite hostname="Izhak-Amittai-PC" ignored="0" name="Surefire test" tests="3" failures="0" timestamp="2020-03-01T01:17:13 IST" time="12.021" errors="0">
  <testcase name="confirmHeader" time="0.039" classname="mavenTest.firstTest"/>
  <testcase name="confirmButton" time="0.022" classname="mavenTest.firstTest"/>
  <testcase name="subscribeText" time="0.082" classname="mavenTest.firstTest"/>
</testsuite> <!-- Surefire test -->
