<?xml version="1.0" encoding="UTF-8"?>
<!-- Generated by org.testng.reporters.JUnitXMLReporter -->
<testsuite hostname="Izhak-Amittai-PC" ignored="2" name="Regression Test" tests="1" failures="1" timestamp="2020-03-01T00:07:09 IST" time="0.045" errors="0">
  <testcase name="subscribeText" time="0.0" classname="mavenTest.firstTest">
    <failure type="java.lang.NullPointerException">
      <![CDATA[java.lang.NullPointerException
at mavenTest.firstTest.subscribeText(firstTest.java:69)
at java.util.ArrayList.forEach(ArrayList.java:1257)
... Removed 31 stack frames]]>
    </failure>
  </testcase> <!-- subscribeText -->
  <testcase name="confirmButton" time="0.0" classname="mavenTest.firstTest">
    <ignored/>
  </testcase> <!-- confirmButton -->
  <testcase name="confirmHeader" time="0.0" classname="mavenTest.firstTest">
    <ignored/>
  </testcase> <!-- confirmHeader -->
</testsuite> <!-- Regression Test -->
