<?xml version="1.0" encoding="UTF-8"?>
<!-- Generated by org.testng.reporters.JUnitXMLReporter -->
<testsuite hostname="Izhak-Amittai-PC" ignored="0" name="Command line test" tests="3" failures="0" timestamp="2020-03-01T00:03:31 IST" time="11.963" errors="0">
  <testcase name="confirmHeader" time="0.035" classname="mavenTest.firstTest"/>
  <testcase name="confirmButton" time="0.03" classname="mavenTest.firstTest"/>
  <testcase name="subscribeText" time="0.142" classname="mavenTest.firstTest"/>
</testsuite> <!-- Command line test -->
