<?xml version="1.0" encoding="UTF-8"?>
<!-- Generated by org.testng.reporters.JUnitXMLReporter -->
<testsuite hostname="Izhak-Amittai-PC" name="Sanity Test" tests="2" failures="2" timestamp="29 Feb 2020 19:28:49 GMT" time="0.066" errors="0">
  <testcase name="confirmHeader" time="0.023" classname="mavenTest.firstTest">
    <failure type="java.lang.NullPointerException">
      <![CDATA[java.lang.NullPointerException
	at mavenTest.firstTest.confirmHeader(firstTest.java:39)
... Removed 24 stack frames]]>
    </failure>
  </testcase> <!-- confirmHeader -->
  <testcase name="confirmButton" time="0.003" classname="mavenTest.firstTest">
    <failure type="java.lang.NullPointerException">
      <![CDATA[java.lang.NullPointerException
	at mavenTest.firstTest.confirmButton(firstTest.java:54)
... Removed 24 stack frames]]>
    </failure>
  </testcase> <!-- confirmButton -->
</testsuite> <!-- Sanity Test -->
