<?xml version="1.0" encoding="UTF-8"?>
<!-- Generated by org.testng.reporters.JUnitXMLReporter -->
<testsuite hostname="Izhak-Amittai-PC" ignored="1" name="Sanity Test" tests="2" failures="2" timestamp="2020-03-01T01:16:47 IST" time="0.047" errors="0">
  <testcase name="confirmHeader" time="0.006" classname="mavenTest.firstTest">
    <failure type="java.lang.NullPointerException">
      <![CDATA[java.lang.NullPointerException
at mavenTest.firstTest.confirmHeader(firstTest.java:39)
at java.util.ArrayList.forEach(ArrayList.java:1257)
... Removed 31 stack frames]]>
    </failure>
  </testcase> <!-- confirmHeader -->
  <testcase name="confirmButton" time="0.0" classname="mavenTest.firstTest">
    <failure type="java.lang.NullPointerException">
      <![CDATA[java.lang.NullPointerException
at mavenTest.firstTest.confirmButton(firstTest.java:54)
at java.util.ArrayList.forEach(ArrayList.java:1257)
... Removed 31 stack frames]]>
    </failure>
  </testcase> <!-- confirmButton -->
  <testcase name="subscribeText" time="0.0" classname="mavenTest.firstTest">
    <ignored/>
  </testcase> <!-- subscribeText -->
</testsuite> <!-- Sanity Test -->
